[0621/110747.924:ERROR:process_info.cc(625)] range at 0x1564542200000000, size 0x2c3 fully unreadable
[0621/110747.926:ERROR:process_info.cc(625)] range at 0x1564548400000000, size 0x2c3 fully unreadable
[0621/110747.927:ERROR:process_info.cc(625)] range at 0x0, size 0x2c3 fully unreadable
[0621/110749.080:ERROR:http_transport_win.cc(214)] WinHttpSendRequest: The server name or address could not be resolved  (0x2ee7)
[0621/112518.019:ERROR:process_info.cc(625)] range at 0x9c794cfe00000000, size 0x232 fully unreadable
[0621/112518.031:ERROR:process_info.cc(625)] range at 0x9c794d1e00000000, size 0x232 fully unreadable
[0621/112518.031:ERROR:process_info.cc(625)] range at 0x0, size 0x232 fully unreadable
[0623/184349.231:ERROR:process_info.cc(625)] range at 0x533c4d0000000000, size 0x253 fully unreadable
[0623/184350.671:ERROR:process_info.cc(625)] range at 0x533c4d2000000000, size 0x253 fully unreadable
[0623/184350.671:ERROR:process_info.cc(625)] range at 0x0, size 0x253 fully unreadable
[0623/190603.066:ERROR:process_info.cc(625)] range at 0xdad0542600000000, size 0x1ff fully unreadable
[0623/190603.092:ERROR:process_info.cc(625)] range at 0xdad0548800000000, size 0x1ff fully unreadable
[0623/190603.092:ERROR:process_info.cc(625)] range at 0x0, size 0x1ff fully unreadable
[0623/192258.271:ERROR:process_info.cc(625)] range at 0xa3464dbc00000000, size 0x2ca fully unreadable
[0623/192258.307:ERROR:process_info.cc(625)] range at 0xa3464ddc00000000, size 0x2ca fully unreadable
[0623/192258.307:ERROR:process_info.cc(625)] range at 0x0, size 0x2ca fully unreadable
[0623/194247.333:ERROR:process_info.cc(625)] range at 0x585542400000000, size 0x21b fully unreadable
[0623/194247.333:ERROR:process_info.cc(625)] range at 0x585548600000000, size 0x21b fully unreadable
[0623/194247.333:ERROR:process_info.cc(625)] range at 0x0, size 0x21b fully unreadable
[0623/210219.819:ERROR:process_info.cc(625)] range at 0xc6594dbc00000000, size 0x28e fully unreadable
[0623/210222.408:ERROR:process_info.cc(625)] range at 0xc6594ddc00000000, size 0x28e fully unreadable
[0623/210222.408:ERROR:process_info.cc(625)] range at 0x0, size 0x28e fully unreadable
[0628/110637.149:ERROR:process_info.cc(625)] range at 0xc3c84d0000000000, size 0x1fa fully unreadable
[0628/110638.071:ERROR:process_info.cc(625)] range at 0xc3c84d2000000000, size 0x1fa fully unreadable
[0628/110638.071:ERROR:process_info.cc(625)] range at 0x0, size 0x1fa fully unreadable
[0628/162938.249:ERROR:process_info.cc(625)] range at 0x2ac542400000000, size 0x1b3 fully unreadable
[0628/162938.281:ERROR:process_info.cc(625)] range at 0x2ac548600000000, size 0x1b3 fully unreadable
[0628/162938.281:ERROR:process_info.cc(625)] range at 0x0, size 0x1b3 fully unreadable
[0628/173215.367:ERROR:process_info.cc(625)] range at 0x9e64542400000000, size 0x295 fully unreadable
[0628/173215.390:ERROR:process_info.cc(625)] range at 0x9e64548600000000, size 0x295 fully unreadable
[0628/173215.390:ERROR:process_info.cc(625)] range at 0x0, size 0x295 fully unreadable
[0628/174619.597:ERROR:process_info.cc(625)] range at 0xc4cc4dbc00000000, size 0x2bb fully unreadable
[0628/174619.700:ERROR:process_info.cc(625)] range at 0xc4cc4ddc00000000, size 0x2bb fully unreadable
[0628/174619.700:ERROR:process_info.cc(625)] range at 0x0, size 0x2bb fully unreadable
[0724/143030.827:ERROR:process_info.cc(631)] range at 0x65d54fae00000000, size 0x1de fully unreadable
[0724/143031.900:ERROR:process_info.cc(631)] range at 0x65d54fce00000000, size 0x1de fully unreadable
[0724/143031.900:ERROR:process_info.cc(631)] range at 0x0, size 0x1de fully unreadable
[0307/153649.997:ERROR:process_info.cc(632)] range at 0x7a643f8600000000, size 0x283 fully unreadable
[0307/153650.110:ERROR:process_info.cc(632)] range at 0x7a643fa600000000, size 0x283 fully unreadable
[0307/153650.110:ERROR:process_info.cc(632)] range at 0x0, size 0x283 fully unreadable
[0724/090329.277:ERROR:process_reader_win.cc(151)] SuspendThread: Access is denied. (0x5)
[0724/090329.412:ERROR:process_reader_win.cc(151)] SuspendThread: Access is denied. (0x5)
[0724/090329.412:ERROR:process_reader_win.cc(151)] SuspendThread: Access is denied. (0x5)
[0724/090329.412:ERROR:process_reader_win.cc(151)] SuspendThread: Access is denied. (0x5)
[0724/090329.412:ERROR:process_reader_win.cc(151)] SuspendThread: Access is denied. (0x5)
[0724/090329.412:ERROR:process_reader_win.cc(151)] SuspendThread: Access is denied. (0x5)
[0724/090329.413:ERROR:process_reader_win.cc(151)] SuspendThread: Access is denied. (0x5)
[0724/090329.413:ERROR:process_reader_win.cc(151)] SuspendThread: Access is denied. (0x5)
[0724/090329.413:ERROR:process_reader_win.cc(151)] SuspendThread: Access is denied. (0x5)
[0724/090329.413:ERROR:process_reader_win.cc(151)] SuspendThread: Access is denied. (0x5)
[0724/090329.413:ERROR:process_reader_win.cc(151)] SuspendThread: Access is denied. (0x5)
[0724/090329.413:ERROR:process_reader_win.cc(151)] SuspendThread: Access is denied. (0x5)
[0724/090329.413:ERROR:process_reader_win.cc(123)] NtOpenThread: {Access Denied} A process has requested access to an object, but has not been granted those access rights. (0xc0000022)
[0724/090329.449:ERROR:exception_snapshot_win.cc(88)] thread ID 12056 not found in process
[0818/004532.489:ERROR:http_transport_win.cc(273)] WinHttpSendRequest: The server name or address could not be resolved (0x2ee7)
[0904/231054.852:ERROR:process_reader_win.cc(151)] SuspendThread: Access is denied. (0x5)
[0904/231054.852:ERROR:process_reader_win.cc(151)] SuspendThread: Access is denied. (0x5)
[0904/231054.852:ERROR:process_reader_win.cc(151)] SuspendThread: Access is denied. (0x5)
[0904/231054.852:ERROR:process_reader_win.cc(151)] SuspendThread: Access is denied. (0x5)
[0904/231054.852:ERROR:process_reader_win.cc(151)] SuspendThread: Access is denied. (0x5)
[0904/231054.852:ERROR:process_reader_win.cc(151)] SuspendThread: Access is denied. (0x5)
[0904/231054.852:ERROR:process_reader_win.cc(151)] SuspendThread: Access is denied. (0x5)
[0904/231054.852:ERROR:process_reader_win.cc(151)] SuspendThread: Access is denied. (0x5)
[0904/231054.852:ERROR:process_reader_win.cc(151)] SuspendThread: Access is denied. (0x5)
[0904/231054.852:ERROR:process_reader_win.cc(151)] SuspendThread: Access is denied. (0x5)
[0904/231054.852:ERROR:process_reader_win.cc(151)] SuspendThread: Access is denied. (0x5)
[0904/231054.852:ERROR:process_reader_win.cc(151)] SuspendThread: Access is denied. (0x5)
[0904/231054.852:ERROR:process_reader_win.cc(151)] SuspendThread: Access is denied. (0x5)
[0904/231054.852:ERROR:process_reader_win.cc(151)] SuspendThread: Access is denied. (0x5)
[0904/231054.852:ERROR:process_reader_win.cc(151)] SuspendThread: Access is denied. (0x5)
[0904/231054.852:ERROR:process_reader_win.cc(151)] SuspendThread: Access is denied. (0x5)
[0904/231054.852:ERROR:process_reader_win.cc(151)] SuspendThread: Access is denied. (0x5)
[0904/231054.852:ERROR:process_reader_win.cc(151)] SuspendThread: Access is denied. (0x5)
[0904/231054.852:ERROR:process_reader_win.cc(151)] SuspendThread: Access is denied. (0x5)
[0904/231054.852:ERROR:process_reader_win.cc(151)] SuspendThread: Access is denied. (0x5)
[0904/231054.852:ERROR:process_reader_win.cc(151)] SuspendThread: Access is denied. (0x5)
[0904/231054.852:ERROR:process_reader_win.cc(151)] SuspendThread: Access is denied. (0x5)
[0904/231054.852:ERROR:process_reader_win.cc(151)] SuspendThread: Access is denied. (0x5)
[0904/231054.852:ERROR:exception_snapshot_win.cc(88)] thread ID 14388 not found in process
[0904/231054.852:ERROR:process_reader_win.cc(123)] NtOpenThread: {Access Denied} A process has requested access to an object, but has not been granted those access rights. (0xc0000022)
[0904/231054.852:ERROR:exception_snapshot_win.cc(88)] thread ID 18164 not found in process
[0113/133046.800:ERROR:process_reader_win.cc(242)] ReadMemory at 0x7ff71a060000 of 64 bytes failed: Only part of a ReadProcessMemory or WriteProcessMemory request was completed. (0x12B)
[0113/133046.940:WARNING:pe_image_reader.cc(302)] could not read dos header from C:\Program Files (x86)\Google\Chrome\Application\chrome.exe
[0113/133046.940:ERROR:process_reader_win.cc(242)] ReadMemory at 0x7ff89d7e0000 of 64 bytes failed: Only part of a ReadProcessMemory or WriteProcessMemory request was completed. (0x12B)
[0113/133046.941:WARNING:pe_image_reader.cc(302)] could not read dos header from C:\Windows\SYSTEM32\ntdll.dll
[0113/133046.941:ERROR:process_reader_win.cc(242)] ReadMemory at 0x7ff89d1d0000 of 64 bytes failed: Only part of a ReadProcessMemory or WriteProcessMemory request was completed. (0x12B)
[0113/133046.941:WARNING:pe_image_reader.cc(302)] could not read dos header from C:\Windows\system32\KERNEL32.DLL
[0113/133046.941:ERROR:process_reader_win.cc(242)] ReadMemory at 0x7ff89ad00000 of 64 bytes failed: Only part of a ReadProcessMemory or WriteProcessMemory request was completed. (0x12B)
[0113/133046.941:WARNING:pe_image_reader.cc(302)] could not read dos header from C:\Windows\system32\KERNELBASE.dll
[0113/133046.942:ERROR:process_reader_win.cc(242)] ReadMemory at 0x7ff867150000 of 64 bytes failed: Only part of a ReadProcessMemory or WriteProcessMemory request was completed. (0x12B)
[0113/133046.942:WARNING:pe_image_reader.cc(302)] could not read dos header from C:\Program Files (x86)\Google\Chrome\Application\71.0.3578.98\chrome_elf.dll
[0113/133046.942:ERROR:process_reader_win.cc(242)] ReadMemory at 0x7ff89b2a0000 of 64 bytes failed: Only part of a ReadProcessMemory or WriteProcessMemory request was completed. (0x12B)
[0113/133046.942:WARNING:pe_image_reader.cc(302)] could not read dos header from C:\Windows\system32\SHELL32.dll
[0113/133046.942:ERROR:process_reader_win.cc(242)] ReadMemory at 0x7ff89cd80000 of 64 bytes failed: Only part of a ReadProcessMemory or WriteProcessMemory request was completed. (0x12B)
[0113/133046.942:WARNING:pe_image_reader.cc(302)] could not read dos header from C:\Windows\system32\ADVAPI32.dll
[0113/133046.942:ERROR:process_reader_win.cc(242)] ReadMemory at 0x7ff89cac0000 of 64 bytes failed: Only part of a ReadProcessMemory or WriteProcessMemory request was completed. (0x12B)
[0113/133046.942:WARNING:pe_image_reader.cc(302)] could not read dos header from C:\Windows\system32\USER32.dll
[0113/133046.942:ERROR:process_reader_win.cc(242)] ReadMemory at 0x7ff899c30000 of 64 bytes failed: Only part of a ReadProcessMemory or WriteProcessMemory request was completed. (0x12B)
[0113/133046.942:WARNING:pe_image_reader.cc(302)] could not read dos header from C:\Windows\SYSTEM32\VERSION.dll
[0113/133046.942:ERROR:process_reader_win.cc(242)] ReadMemory at 0x7ff89d6b0000 of 64 bytes failed: Only part of a ReadProcessMemory or WriteProcessMemory request was completed. (0x12B)
[0113/133046.942:WARNING:pe_image_reader.cc(302)] could not read dos header from C:\Windows\system32\SHLWAPI.dll
[0113/133046.942:ERROR:process_reader_win.cc(242)] ReadMemory at 0x7ff8959e0000 of 64 bytes failed: Only part of a ReadProcessMemory or WriteProcessMemory request was completed. (0x12B)
[0113/133046.942:WARNING:pe_image_reader.cc(302)] could not read dos header from C:\Windows\SYSTEM32\WINMM.dll
[0113/133046.942:ERROR:process_reader_win.cc(242)] ReadMemory at 0x7ff899f50000 of 64 bytes failed: Only part of a ReadProcessMemory or WriteProcessMemory request was completed. (0x12B)
[0113/133046.943:WARNING:pe_image_reader.cc(302)] could not read dos header from C:\Windows\SYSTEM32\USERENV.dll
[0113/133046.943:ERROR:process_reader_win.cc(242)] ReadMemory at 0x7ff89c810000 of 64 bytes failed: Only part of a ReadProcessMemory or WriteProcessMemory request was completed. (0x12B)
[0113/133046.943:WARNING:pe_image_reader.cc(302)] could not read dos header from C:\Windows\system32\PSAPI.DLL
[0113/133046.943:ERROR:process_reader_win.cc(242)] ReadMemory at 0x7ff89d710000 of 64 bytes failed: Only part of a ReadProcessMemory or WriteProcessMemory request was completed. (0x12B)
[0113/133046.943:WARNING:pe_image_reader.cc(302)] could not read dos header from C:\Windows\system32\msvcrt.dll
[0113/133046.943:ERROR:process_reader_win.cc(242)] ReadMemory at 0x7ff89b080000 of 64 bytes failed: Only part of a ReadProcessMemory or WriteProcessMemory request was completed. (0x12B)
[0113/133046.943:WARNING:pe_image_reader.cc(302)] could not read dos header from C:\Windows\SYSTEM32\combase.dll
[0113/133046.943:ERROR:process_reader_win.cc(242)] ReadMemory at 0x7ff89c900000 of 64 bytes failed: Only part of a ReadProcessMemory or WriteProcessMemory request was completed. (0x12B)
[0113/133046.943:WARNING:pe_image_reader.cc(302)] could not read dos header from C:\Windows\system32\GDI32.dll
[0113/133046.943:ERROR:process_reader_win.cc(242)] ReadMemory at 0x7ff89cf90000 of 64 bytes failed: Only part of a ReadProcessMemory or WriteProcessMemory request was completed. (0x12B)
[0113/133046.943:WARNING:pe_image_reader.cc(302)] could not read dos header from C:\Windows\SYSTEM32\sechost.dll
[0113/133046.943:ERROR:process_reader_win.cc(242)] ReadMemory at 0x3f291a0000 of 64 bytes failed: Only part of a ReadProcessMemory or WriteProcessMemory request was completed. (0x12B)
[0113/133046.943:WARNING:pe_image_reader.cc(302)] could not read dos header from C:\Windows\system32\RPCRT4.dll
[0113/133046.944:ERROR:process_reader_win.cc(242)] ReadMemory at 0x7ff8959b0000 of 64 bytes failed: Only part of a ReadProcessMemory or WriteProcessMemory request was completed. (0x12B)
[0113/133046.944:WARNING:pe_image_reader.cc(302)] could not read dos header from C:\Windows\SYSTEM32\WINMMBASE.dll
[0113/133046.944:ERROR:process_reader_win.cc(242)] ReadMemory at 0x7ff89a910000 of 64 bytes failed: Only part of a ReadProcessMemory or WriteProcessMemory request was completed. (0x12B)
[0113/133046.944:WARNING:pe_image_reader.cc(302)] could not read dos header from C:\Windows\SYSTEM32\profapi.dll
[0113/133046.944:ERROR:process_reader_win.cc(242)] ReadMemory at 0x7ff89abc0000 of 64 bytes failed: Only part of a ReadProcessMemory or WriteProcessMemory request was completed. (0x12B)
[0113/133046.944:WARNING:pe_image_reader.cc(302)] could not read dos header from C:\Windows\system32\SspiCli.dll
[0113/133046.944:ERROR:process_reader_win.cc(242)] ReadMemory at 0x7ff89ae20000 of 64 bytes failed: Only part of a ReadProcessMemory or WriteProcessMemory request was completed. (0x12B)
[0113/133046.944:WARNING:pe_image_reader.cc(302)] could not read dos header from C:\Windows\SYSTEM32\cfgmgr32.dll
[0113/133046.944:ERROR:process_reader_win.cc(242)] ReadMemory at 0x7ff899620000 of 64 bytes failed: Only part of a ReadProcessMemory or WriteProcessMemory request was completed. (0x12B)
[0113/133046.944:WARNING:pe_image_reader.cc(302)] could not read dos header from C:\Windows\SYSTEM32\DEVOBJ.dll
[0113/133046.944:ERROR:process_reader_win.cc(242)] ReadMemory at 0x7ff89a850000 of 64 bytes failed: Only part of a ReadProcessMemory or WriteProcessMemory request was completed. (0x12B)
[0113/133046.944:WARNING:pe_image_reader.cc(302)] could not read dos header from C:\Windows\SYSTEM32\CRYPTBASE.DLL
[0113/133046.944:ERROR:process_reader_win.cc(242)] ReadMemory at 0x7ff89a7e0000 of 64 bytes failed: Only part of a ReadProcessMemory or WriteProcessMemory request was completed. (0x12B)
[0113/133046.944:WARNING:pe_image_reader.cc(302)] could not read dos header from C:\Windows\SYSTEM32\bcryptPrimitives.dll
[0113/133046.944:ERROR:process_reader_win.cc(242)] ReadMemory at 0x7ff89c7d0000 of 64 bytes failed: Only part of a ReadProcessMemory or WriteProcessMemory request was completed. (0x12B)
[0113/133046.944:WARNING:pe_image_reader.cc(302)] could not read dos header from C:\Windows\system32\IMM32.DLL
[0113/133046.945:ERROR:process_reader_win.cc(242)] ReadMemory at 0x7ff89ce30000 of 64 bytes failed: Only part of a ReadProcessMemory or WriteProcessMemory request was completed. (0x12B)
[0113/133046.945:WARNING:pe_image_reader.cc(302)] could not read dos header from C:\Windows\system32\MSCTF.dll
[0113/133046.945:ERROR:process_reader_win.cc(242)] ReadMemory at 0x7ff8984e0000 of 64 bytes failed: Only part of a ReadProcessMemory or WriteProcessMemory request was completed. (0x12B)
[0113/133046.945:WARNING:pe_image_reader.cc(302)] could not read dos header from C:\Windows\SYSTEM32\shcore.dll
[0113/133046.945:ERROR:process_reader_win.cc(242)] ReadMemory at 0x7ff8490a0000 of 64 bytes failed: Only part of a ReadProcessMemory or WriteProcessMemory request was completed. (0x12B)
[0113/133046.945:WARNING:pe_image_reader.cc(302)] could not read dos header from C:\Program Files (x86)\Google\Chrome\Application\71.0.3578.98\chrome_child.dll
[0113/133046.945:ERROR:process_reader_win.cc(242)] ReadMemory at 0x7ff89ae70000 of 64 bytes failed: Only part of a ReadProcessMemory or WriteProcessMemory request was completed. (0x12B)
[0113/133046.945:WARNING:pe_image_reader.cc(302)] could not read dos header from C:\Windows\system32\WS2_32.dll
[0113/133046.945:ERROR:process_reader_win.cc(242)] ReadMemory at 0x7ff898270000 of 64 bytes failed: Only part of a ReadProcessMemory or WriteProcessMemory request was completed. (0x12B)
[0113/133046.945:WARNING:pe_image_reader.cc(302)] could not read dos header from C:\Windows\SYSTEM32\IPHLPAPI.DLL
[0113/133046.945:ERROR:process_reader_win.cc(242)] ReadMemory at 0x7ff89d3f0000 of 64 bytes failed: Only part of a ReadProcessMemory or WriteProcessMemory request was completed. (0x12B)
[0113/133046.945:WARNING:pe_image_reader.cc(302)] could not read dos header from C:\Windows\system32\ole32.dll
[0113/133046.945:ERROR:process_reader_win.cc(242)] ReadMemory at 0x7ff89c830000 of 64 bytes failed: Only part of a ReadProcessMemory or WriteProcessMemory request was completed. (0x12B)
[0113/133046.945:WARNING:pe_image_reader.cc(302)] could not read dos header from C:\Windows\system32\OLEAUT32.dll
[0113/133046.945:ERROR:process_reader_win.cc(242)] ReadMemory at 0x7ff894090000 of 64 bytes failed: Only part of a ReadProcessMemory or WriteProcessMemory request was completed. (0x12B)
[0113/133046.945:WARNING:pe_image_reader.cc(302)] could not read dos header from C:\Windows\SYSTEM32\OLEACC.dll
[0113/133046.945:ERROR:process_reader_win.cc(242)] ReadMemory at 0x7ff89abf0000 of 64 bytes failed: Only part of a ReadProcessMemory or WriteProcessMemory request was completed. (0x12B)
[0113/133046.945:WARNING:pe_image_reader.cc(302)] could not read dos header from C:\Windows\system32\WINTRUST.dll
[0113/133046.945:ERROR:process_reader_win.cc(242)] ReadMemory at 0x7ff89d590000 of 64 bytes failed: Only part of a ReadProcessMemory or WriteProcessMemory request was completed. (0x12B)
[0113/133046.945:WARNING:pe_image_reader.cc(302)] could not read dos header from C:\Windows\system32\COMDLG32.dll
[0113/133046.945:ERROR:process_reader_win.cc(242)] ReadMemory at 0x7ff894160000 of 64 bytes failed: Only part of a ReadProcessMemory or WriteProcessMemory request was completed. (0x12B)
[0113/133046.945:WARNING:pe_image_reader.cc(302)] could not read dos header from C:\Windows\SYSTEM32\DWrite.dll
[0113/133046.945:ERROR:process_reader_win.cc(242)] ReadMemory at 0x7ff8989f0000 of 64 bytes failed: Only part of a ReadProcessMemory or WriteProcessMemory request was completed. (0x12B)
[0113/133046.945:WARNING:pe_image_reader.cc(302)] could not read dos header from C:\Windows\SYSTEM32\dxgi.dll
[0113/133046.945:ERROR:process_reader_win.cc(242)] ReadMemory at 0x7ff875470000 of 64 bytes failed: Only part of a ReadProcessMemory or WriteProcessMemory request was completed. (0x12B)
[0113/133046.945:WARNING:pe_image_reader.cc(302)] could not read dos header from C:\Windows\SYSTEM32\WINSPOOL.DRV
[0113/133046.945:ERROR:process_reader_win.cc(242)] ReadMemory at 0x7ff879110000 of 64 bytes failed: Only part of a ReadProcessMemory or WriteProcessMemory request was completed. (0x12B)
[0113/133046.945:WARNING:pe_image_reader.cc(302)] could not read dos header from C:\Windows\SYSTEM32\dbghelp.dll
[0113/133046.945:ERROR:process_reader_win.cc(242)] ReadMemory at 0x7ff85e370000 of 64 bytes failed: Only part of a ReadProcessMemory or WriteProcessMemory request was completed. (0x12B)
[0113/133046.945:WARNING:pe_image_reader.cc(302)] could not read dos header from C:\Windows\SYSTEM32\USP10.dll
[0113/133046.945:ERROR:process_reader_win.cc(242)] ReadMemory at 0x7ff89a9e0000 of 64 bytes failed: Only part of a ReadProcessMemory or WriteProcessMemory request was completed. (0x12B)
[0113/133046.946:WARNING:pe_image_reader.cc(302)] could not read dos header from C:\Windows\system32\CRYPT32.dll
[0113/133046.946:ERROR:process_reader_win.cc(242)] ReadMemory at 0x7ff890ab0000 of 64 bytes failed: Only part of a ReadProcessMemory or WriteProcessMemory request was completed. (0x12B)
[0113/133046.946:WARNING:pe_image_reader.cc(302)] could not read dos header from C:\Windows\SYSTEM32\WINHTTP.dll
[0113/133046.946:ERROR:process_reader_win.cc(242)] ReadMemory at 0x7ff894d90000 of 64 bytes failed: Only part of a ReadProcessMemory or WriteProcessMemory request was completed. (0x12B)
[0113/133046.946:WARNING:pe_image_reader.cc(302)] could not read dos header from C:\Windows\SYSTEM32\urlmon.dll
[0113/133046.946:ERROR:process_reader_win.cc(242)] ReadMemory at 0x7ff899c40000 of 64 bytes failed: Only part of a ReadProcessMemory or WriteProcessMemory request was completed. (0x12B)
[0113/133046.946:WARNING:pe_image_reader.cc(302)] could not read dos header from C:\Windows\SYSTEM32\Secur32.dll
[0113/133046.946:ERROR:process_reader_win.cc(242)] ReadMemory at 0x7ff895450000 of 64 bytes failed: Only part of a ReadProcessMemory or WriteProcessMemory request was completed. (0x12B)
[0113/133046.946:WARNING:pe_image_reader.cc(302)] could not read dos header from C:\Windows\SYSTEM32\dhcpcsvc.DLL
[0113/133046.946:ERROR:process_reader_win.cc(242)] ReadMemory at 0x7ff89d3e0000 of 64 bytes failed: Only part of a ReadProcessMemory or WriteProcessMemory request was completed. (0x12B)
[0113/133046.946:WARNING:pe_image_reader.cc(302)] could not read dos header from C:\Windows\system32\NSI.dll
[0113/133046.946:ERROR:process_reader_win.cc(242)] ReadMemory at 0x7ff898250000 of 64 bytes failed: Only part of a ReadProcessMemory or WriteProcessMemory request was completed. (0x12B)
[0113/133046.946:WARNING:pe_image_reader.cc(302)] could not read dos header from C:\Windows\SYSTEM32\WINNSI.DLL
[0113/133046.946:ERROR:process_reader_win.cc(242)] ReadMemory at 0x7ff89a9c0000 of 64 bytes failed: Only part of a ReadProcessMemory or WriteProcessMemory request was completed. (0x12B)
[0113/133046.946:WARNING:pe_image_reader.cc(302)] could not read dos header from C:\Windows\system32\MSASN1.dll
[0113/133046.946:ERROR:process_reader_win.cc(242)] ReadMemory at 0x7ff897fa0000 of 64 bytes failed: Only part of a ReadProcessMemory or WriteProcessMemory request was completed. (0x12B)
[0113/133046.947:WARNING:pe_image_reader.cc(302)] could not read dos header from C:\Windows\WinSxS\amd64_microsoft.windows.common-controls_6595b64144ccf1df_6.0.9600.18006_none_623f33d3ecbe86e8\COMCTL32.dll
[0113/133046.947:ERROR:process_reader_win.cc(242)] ReadMemory at 0x7ff8948a0000 of 64 bytes failed: Only part of a ReadProcessMemory or WriteProcessMemory request was completed. (0x12B)
[0113/133046.947:WARNING:pe_image_reader.cc(302)] could not read dos header from C:\Windows\SYSTEM32\iertutil.dll
[0113/133046.947:ERROR:process_reader_win.cc(242)] ReadMemory at 0x7ff8943f0000 of 64 bytes failed: Only part of a ReadProcessMemory or WriteProcessMemory request was completed. (0x12B)
[0113/133046.947:WARNING:pe_image_reader.cc(302)] could not read dos header from C:\Windows\SYSTEM32\WININET.dll
[0113/133047.158:ERROR:process_reader_win.cc(242)] ReadMemory at 0x3f28edd000 of 77824 bytes failed: Only part of a ReadProcessMemory or WriteProcessMemory request was completed. (0x12B)
[0113/133047.158:ERROR:process_reader_win.cc(242)] ReadMemory at 0x3f2b5ee000 of 8192 bytes failed: Only part of a ReadProcessMemory or WriteProcessMemory request was completed. (0x12B)
[0113/133047.158:ERROR:process_reader_win.cc(242)] ReadMemory at 0x3f2b9ee000 of 8192 bytes failed: Only part of a ReadProcessMemory or WriteProcessMemory request was completed. (0x12B)
[0113/133047.158:ERROR:process_reader_win.cc(242)] ReadMemory at 0x3f2bbee000 of 8192 bytes failed: Only part of a ReadProcessMemory or WriteProcessMemory request was completed. (0x12B)
[0113/133047.158:ERROR:process_reader_win.cc(242)] ReadMemory at 0x3f2bdee000 of 8192 bytes failed: Only part of a ReadProcessMemory or WriteProcessMemory request was completed. (0x12B)
[0113/133047.159:ERROR:process_reader_win.cc(242)] ReadMemory at 0x3f2bfed000 of 12288 bytes failed: Only part of a ReadProcessMemory or WriteProcessMemory request was completed. (0x12B)
[0113/133047.159:ERROR:process_reader_win.cc(242)] ReadMemory at 0x3f2c1ee000 of 8192 bytes failed: Only part of a ReadProcessMemory or WriteProcessMemory request was completed. (0x12B)
[0113/133047.159:ERROR:process_reader_win.cc(242)] ReadMemory at 0x3f2c3ee000 of 8192 bytes failed: Only part of a ReadProcessMemory or WriteProcessMemory request was completed. (0x12B)
[0113/133047.159:ERROR:process_reader_win.cc(242)] ReadMemory at 0x3f2c7ec000 of 16384 bytes failed: Only part of a ReadProcessMemory or WriteProcessMemory request was completed. (0x12B)
[0113/133047.159:ERROR:process_reader_win.cc(242)] ReadMemory at 0x3f2d1da000 of 90112 bytes failed: Only part of a ReadProcessMemory or WriteProcessMemory request was completed. (0x12B)
[0113/133047.159:ERROR:process_reader_win.cc(242)] ReadMemory at 0x3f2c9da000 of 90112 bytes failed: Only part of a ReadProcessMemory or WriteProcessMemory request was completed. (0x12B)
[0113/133047.159:ERROR:process_reader_win.cc(242)] ReadMemory at 0x3f2cbed000 of 12288 bytes failed: Only part of a ReadProcessMemory or WriteProcessMemory request was completed. (0x12B)
[0113/133047.159:ERROR:process_reader_win.cc(242)] ReadMemory at 0x3f2e2ee000 of 8192 bytes failed: Only part of a ReadProcessMemory or WriteProcessMemory request was completed. (0x12B)
[0113/133047.159:ERROR:process_reader_win.cc(242)] ReadMemory at 0x3f2df5c000 of 16384 bytes failed: Only part of a ReadProcessMemory or WriteProcessMemory request was completed. (0x12B)
[0113/133047.160:ERROR:process_reader_win.cc(242)] ReadMemory at 0x3f31a1c000 of 16384 bytes failed: Only part of a ReadProcessMemory or WriteProcessMemory request was completed. (0x12B)
[0113/133047.160:ERROR:process_reader_win.cc(242)] ReadMemory at 0x3f3084c000 of 16384 bytes failed: Only part of a ReadProcessMemory or WriteProcessMemory request was completed. (0x12B)
[0113/133047.160:ERROR:process_reader_win.cc(242)] ReadMemory at 0x3f3064e000 of 8192 bytes failed: Only part of a ReadProcessMemory or WriteProcessMemory request was completed. (0x12B)
[0113/133047.160:ERROR:process_reader_win.cc(242)] ReadMemory at 0x3f290a07e0 of 62 bytes failed: Only part of a ReadProcessMemory or WriteProcessMemory request was completed. (0x12B)
[0113/133047.160:ERROR:process_reader_win.cc(242)] ReadMemory at 0x3f290a0860 of 12538 bytes failed: Only part of a ReadProcessMemory or WriteProcessMemory request was completed. (0x12B)
[0113/133047.160:ERROR:process_reader_win.cc(242)] ReadMemory at 0x3f290a3970 of 1012 bytes failed: Only part of a ReadProcessMemory or WriteProcessMemory request was completed. (0x12B)
[0113/133047.160:ERROR:process_reader_win.cc(242)] ReadMemory at 0x3f290a3f88 of 118 bytes failed: Only part of a ReadProcessMemory or WriteProcessMemory request was completed. (0x12B)
[0113/133047.160:ERROR:process_reader_win.cc(242)] ReadMemory at 0x3f290a4000 of 1042 bytes failed: Only part of a ReadProcessMemory or WriteProcessMemory request was completed. (0x12B)
[0113/133047.160:ERROR:process_reader_win.cc(242)] ReadMemory at 0x3f290a4414 of 118 bytes failed: Only part of a ReadProcessMemory or WriteProcessMemory request was completed. (0x12B)
[0113/133047.160:ERROR:process_reader_win.cc(242)] ReadMemory at 0x3f290a448c of 96 bytes failed: Only part of a ReadProcessMemory or WriteProcessMemory request was completed. (0x12B)
[0113/133047.160:ERROR:process_reader_win.cc(242)] ReadMemory at 0x3f290a4500 of 58 bytes failed: Only part of a ReadProcessMemory or WriteProcessMemory request was completed. (0x12B)
[0113/133047.160:ERROR:process_reader_win.cc(242)] ReadMemory at 0x3f290a4600 of 132 bytes failed: Only part of a ReadProcessMemory or WriteProcessMemory request was completed. (0x12B)
[0113/133047.160:ERROR:process_reader_win.cc(242)] ReadMemory at 0x3f290a4780 of 132 bytes failed: Only part of a ReadProcessMemory or WriteProcessMemory request was completed. (0x12B)
[0113/133047.160:ERROR:process_reader_win.cc(242)] ReadMemory at 0x3f290a4990 of 124 bytes failed: Only part of a ReadProcessMemory or WriteProcessMemory request was completed. (0x12B)
[0113/133047.160:ERROR:process_reader_win.cc(242)] ReadMemory at 0x3f290a4c80 of 64 bytes failed: Only part of a ReadProcessMemory or WriteProcessMemory request was completed. (0x12B)
[0113/133047.160:ERROR:process_reader_win.cc(242)] ReadMemory at 0x3f290a4cd0 of 132 bytes failed: Only part of a ReadProcessMemory or WriteProcessMemory request was completed. (0x12B)
[0113/133047.160:ERROR:process_reader_win.cc(242)] ReadMemory at 0x3f290a4f00 of 132 bytes failed: Only part of a ReadProcessMemory or WriteProcessMemory request was completed. (0x12B)
[0113/133047.160:ERROR:process_reader_win.cc(242)] ReadMemory at 0x3f290a5040 of 68 bytes failed: Only part of a ReadProcessMemory or WriteProcessMemory request was completed. (0x12B)
[0113/133047.160:ERROR:process_reader_win.cc(242)] ReadMemory at 0x3f290a5090 of 132 bytes failed: Only part of a ReadProcessMemory or WriteProcessMemory request was completed. (0x12B)
[0113/133047.160:ERROR:process_reader_win.cc(242)] ReadMemory at 0x3f290a5ec0 of 152 bytes failed: Only part of a ReadProcessMemory or WriteProcessMemory request was completed. (0x12B)
[0113/133047.160:ERROR:process_reader_win.cc(242)] ReadMemory at 0x3f290a6060 of 62 bytes failed: Only part of a ReadProcessMemory or WriteProcessMemory request was completed. (0x12B)
[0113/133047.160:ERROR:process_reader_win.cc(242)] ReadMemory at 0x3f290a60b0 of 132 bytes failed: Only part of a ReadProcessMemory or WriteProcessMemory request was completed. (0x12B)
[0113/133047.160:ERROR:process_reader_win.cc(242)] ReadMemory at 0x3f290a62c0 of 64 bytes failed: Only part of a ReadProcessMemory or WriteProcessMemory request was completed. (0x12B)
[0113/133047.160:ERROR:process_reader_win.cc(242)] ReadMemory at 0x3f290a6310 of 132 bytes failed: Only part of a ReadProcessMemory or WriteProcessMemory request was completed. (0x12B)
[0113/133047.160:ERROR:process_reader_win.cc(242)] ReadMemory at 0x3f290a6520 of 60 bytes failed: Only part of a ReadProcessMemory or WriteProcessMemory request was completed. (0x12B)
[0113/133047.160:ERROR:process_reader_win.cc(242)] ReadMemory at 0x3f290a6570 of 132 bytes failed: Only part of a ReadProcessMemory or WriteProcessMemory request was completed. (0x12B)
[0113/133047.161:ERROR:process_reader_win.cc(242)] ReadMemory at 0x3f290a8c10 of 62 bytes failed: Only part of a ReadProcessMemory or WriteProcessMemory request was completed. (0x12B)
[0113/133047.161:ERROR:process_reader_win.cc(242)] ReadMemory at 0x3f290a8c60 of 132 bytes failed: Only part of a ReadProcessMemory or WriteProcessMemory request was completed. (0x12B)
[0113/133047.161:ERROR:process_reader_win.cc(242)] ReadMemory at 0x3f290a9990 of 132 bytes failed: Only part of a ReadProcessMemory or WriteProcessMemory request was completed. (0x12B)
[0113/133047.161:ERROR:process_reader_win.cc(242)] ReadMemory at 0x3f290a9b10 of 62 bytes failed: Only part of a ReadProcessMemory or WriteProcessMemory request was completed. (0x12B)
[0113/133047.161:ERROR:process_reader_win.cc(242)] ReadMemory at 0x3f290a9bb0 of 58 bytes failed: Only part of a ReadProcessMemory or WriteProcessMemory request was completed. (0x12B)
[0113/133047.161:ERROR:process_reader_win.cc(242)] ReadMemory at 0x3f290a9c00 of 132 bytes failed: Only part of a ReadProcessMemory or WriteProcessMemory request was completed. (0x12B)
[0113/133047.161:ERROR:process_reader_win.cc(242)] ReadMemory at 0x3f290a9d20 of 132 bytes failed: Only part of a ReadProcessMemory or WriteProcessMemory request was completed. (0x12B)
[0113/133047.161:ERROR:process_reader_win.cc(242)] ReadMemory at 0x3f290a9e40 of 58 bytes failed: Only part of a ReadProcessMemory or WriteProcessMemory request was completed. (0x12B)
[0113/133047.161:ERROR:process_reader_win.cc(242)] ReadMemory at 0x3f290a9e90 of 132 bytes failed: Only part of a ReadProcessMemory or WriteProcessMemory request was completed. (0x12B)
[0113/133047.161:ERROR:process_reader_win.cc(242)] ReadMemory at 0x3f290aa4f0 of 60 bytes failed: Only part of a ReadProcessMemory or WriteProcessMemory request was completed. (0x12B)
[0113/133047.161:ERROR:process_reader_win.cc(242)] ReadMemory at 0x3f290aab10 of 132 bytes failed: Only part of a ReadProcessMemory or WriteProcessMemory request was completed. (0x12B)
[0113/133047.161:ERROR:process_reader_win.cc(242)] ReadMemory at 0x3f290acdf0 of 62 bytes failed: Only part of a ReadProcessMemory or WriteProcessMemory request was completed. (0x12B)
[0113/133047.161:ERROR:process_reader_win.cc(242)] ReadMemory at 0x3f290ace40 of 58 bytes failed: Only part of a ReadProcessMemory or WriteProcessMemory request was completed. (0x12B)
[0113/133047.161:ERROR:process_reader_win.cc(242)] ReadMemory at 0x3f290acf80 of 66 bytes failed: Only part of a ReadProcessMemory or WriteProcessMemory request was completed. (0x12B)
[0113/133047.161:ERROR:process_reader_win.cc(242)] ReadMemory at 0x3f290ad1b0 of 60 bytes failed: Only part of a ReadProcessMemory or WriteProcessMemory request was completed. (0x12B)
[0113/133047.161:ERROR:process_reader_win.cc(242)] ReadMemory at 0x3f290ad250 of 64 bytes failed: Only part of a ReadProcessMemory or WriteProcessMemory request was completed. (0x12B)
[0113/133047.161:ERROR:process_reader_win.cc(242)] ReadMemory at 0x3f290ad2a0 of 66 bytes failed: Only part of a ReadProcessMemory or WriteProcessMemory request was completed. (0x12B)
[0113/133047.161:ERROR:process_reader_win.cc(242)] ReadMemory at 0x3f290ad2f0 of 58 bytes failed: Only part of a ReadProcessMemory or WriteProcessMemory request was completed. (0x12B)
[0113/133047.161:ERROR:process_reader_win.cc(242)] ReadMemory at 0x3f290ad390 of 60 bytes failed: Only part of a ReadProcessMemory or WriteProcessMemory request was completed. (0x12B)
[0113/133047.161:ERROR:process_reader_win.cc(242)] ReadMemory at 0x3f290ad3e0 of 62 bytes failed: Only part of a ReadProcessMemory or WriteProcessMemory request was completed. (0x12B)
[0113/133047.161:ERROR:process_reader_win.cc(242)] ReadMemory at 0x3f290ad430 of 62 bytes failed: Only part of a ReadProcessMemory or WriteProcessMemory request was completed. (0x12B)
[0113/133047.161:ERROR:process_reader_win.cc(242)] ReadMemory at 0x3f290ad480 of 58 bytes failed: Only part of a ReadProcessMemory or WriteProcessMemory request was completed. (0x12B)
[0113/133047.161:ERROR:process_reader_win.cc(242)] ReadMemory at 0x3f290ad4d0 of 62 bytes failed: Only part of a ReadProcessMemory or WriteProcessMemory request was completed. (0x12B)
[0113/133047.161:ERROR:process_reader_win.cc(242)] ReadMemory at 0x3f290ad560 of 132 bytes failed: Only part of a ReadProcessMemory or WriteProcessMemory request was completed. (0x12B)
[0113/133047.161:ERROR:process_reader_win.cc(242)] ReadMemory at 0x3f290adac0 of 132 bytes failed: Only part of a ReadProcessMemory or WriteProcessMemory request was completed. (0x12B)
[0113/133047.161:ERROR:process_reader_win.cc(242)] ReadMemory at 0x3f290adc20 of 54 bytes failed: Only part of a ReadProcessMemory or WriteProcessMemory request was completed. (0x12B)
[0113/133047.161:ERROR:process_reader_win.cc(242)] ReadMemory at 0x3f290adca0 of 132 bytes failed: Only part of a ReadProcessMemory or WriteProcessMemory request was completed. (0x12B)
[0113/133047.161:ERROR:process_reader_win.cc(242)] ReadMemory at 0x3f290ade10 of 132 bytes failed: Only part of a ReadProcessMemory or WriteProcessMemory request was completed. (0x12B)
[0113/133047.161:ERROR:process_reader_win.cc(242)] ReadMemory at 0x3f290adf30 of 132 bytes failed: Only part of a ReadProcessMemory or WriteProcessMemory request was completed. (0x12B)
[0113/133047.161:ERROR:process_reader_win.cc(242)] ReadMemory at 0x3f290ae050 of 132 bytes failed: Only part of a ReadProcessMemory or WriteProcessMemory request was completed. (0x12B)
[0113/133047.161:ERROR:process_reader_win.cc(242)] ReadMemory at 0x3f290ae170 of 132 bytes failed: Only part of a ReadProcessMemory or WriteProcessMemory request was completed. (0x12B)
[0113/133047.161:ERROR:process_reader_win.cc(242)] ReadMemory at 0x3f290ae290 of 132 bytes failed: Only part of a ReadProcessMemory or WriteProcessMemory request was completed. (0x12B)
[0113/133047.161:ERROR:process_reader_win.cc(242)] ReadMemory at 0x3f290ae3b0 of 132 bytes failed: Only part of a ReadProcessMemory or WriteProcessMemory request was completed. (0x12B)
[0113/133047.161:ERROR:process_reader_win.cc(242)] ReadMemory at 0x3f290ae4d0 of 132 bytes failed: Only part of a ReadProcessMemory or WriteProcessMemory request was completed. (0x12B)
[0113/133047.161:ERROR:process_reader_win.cc(242)] ReadMemory at 0x3f290ae5f0 of 132 bytes failed: Only part of a ReadProcessMemory or WriteProcessMemory request was completed. (0x12B)
[0113/133047.161:ERROR:process_reader_win.cc(242)] ReadMemory at 0x3f290ae710 of 132 bytes failed: Only part of a ReadProcessMemory or WriteProcessMemory request was completed. (0x12B)
[0113/133047.161:ERROR:process_reader_win.cc(242)] ReadMemory at 0x3f290ae830 of 132 bytes failed: Only part of a ReadProcessMemory or WriteProcessMemory request was completed. (0x12B)
[0113/133047.162:ERROR:process_reader_win.cc(242)] ReadMemory at 0x3f290ae950 of 132 bytes failed: Only part of a ReadProcessMemory or WriteProcessMemory request was completed. (0x12B)
[0113/133047.162:ERROR:process_reader_win.cc(242)] ReadMemory at 0x3f290aea70 of 132 bytes failed: Only part of a ReadProcessMemory or WriteProcessMemory request was completed. (0x12B)
[0113/133047.162:ERROR:process_reader_win.cc(242)] ReadMemory at 0x3f290aeb90 of 132 bytes failed: Only part of a ReadProcessMemory or WriteProcessMemory request was completed. (0x12B)
[0113/133047.162:ERROR:process_reader_win.cc(242)] ReadMemory at 0x3f290b0090 of 80 bytes failed: Only part of a ReadProcessMemory or WriteProcessMemory request was completed. (0x12B)
[0113/133047.162:ERROR:process_reader_win.cc(242)] ReadMemory at 0x3f290b0150 of 156 bytes failed: Only part of a ReadProcessMemory or WriteProcessMemory request was completed. (0x12B)
[0113/133047.162:ERROR:process_reader_win.cc(242)] ReadMemory at 0x3f290b2e80 of 56 bytes failed: Only part of a ReadProcessMemory or WriteProcessMemory request was completed. (0x12B)
[0113/133047.162:ERROR:process_reader_win.cc(242)] ReadMemory at 0x3f290b2f70 of 62 bytes failed: Only part of a ReadProcessMemory or WriteProcessMemory request was completed. (0x12B)
[0113/133047.162:ERROR:process_reader_win.cc(242)] ReadMemory at 0x3f290b2fc0 of 64 bytes failed: Only part of a ReadProcessMemory or WriteProcessMemory request was completed. (0x12B)
[0113/133047.162:ERROR:process_reader_win.cc(242)] ReadMemory at 0x3f290b3010 of 60 bytes failed: Only part of a ReadProcessMemory or WriteProcessMemory request was completed. (0x12B)
[0113/133047.162:ERROR:process_reader_win.cc(242)] ReadMemory at 0x3f290b3100 of 58 bytes failed: Only part of a ReadProcessMemory or WriteProcessMemory request was completed. (0x12B)
[0113/133047.162:ERROR:process_reader_win.cc(242)] ReadMemory at 0x3f290b3240 of 62 bytes failed: Only part of a ReadProcessMemory or WriteProcessMemory request was completed. (0x12B)
[0113/133047.162:ERROR:process_reader_win.cc(242)] ReadMemory at 0x3f290b33d0 of 60 bytes failed: Only part of a ReadProcessMemory or WriteProcessMemory request was completed. (0x12B)
[0113/133047.162:ERROR:process_reader_win.cc(242)] ReadMemory at 0x3f290b34c0 of 64 bytes failed: Only part of a ReadProcessMemory or WriteProcessMemory request was completed. (0x12B)
[0113/133047.162:ERROR:process_reader_win.cc(242)] ReadMemory at 0x3f290b3510 of 60 bytes failed: Only part of a ReadProcessMemory or WriteProcessMemory request was completed. (0x12B)
[0113/133047.162:ERROR:process_reader_win.cc(242)] ReadMemory at 0x3f290b3560 of 64 bytes failed: Only part of a ReadProcessMemory or WriteProcessMemory request was completed. (0x12B)
[0113/133047.162:ERROR:process_reader_win.cc(242)] ReadMemory at 0x3f290b35b0 of 58 bytes failed: Only part of a ReadProcessMemory or WriteProcessMemory request was completed. (0x12B)
[0113/133047.162:ERROR:process_reader_win.cc(242)] ReadMemory at 0x3f290b3600 of 62 bytes failed: Only part of a ReadProcessMemory or WriteProcessMemory request was completed. (0x12B)
[0113/133047.162:ERROR:process_reader_win.cc(242)] ReadMemory at 0x3f290b36a0 of 64 bytes failed: Only part of a ReadProcessMemory or WriteProcessMemory request was completed. (0x12B)
[0113/133047.162:ERROR:process_reader_win.cc(242)] ReadMemory at 0x3f290b36f0 of 60 bytes failed: Only part of a ReadProcessMemory or WriteProcessMemory request was completed. (0x12B)
[0113/133047.162:ERROR:process_reader_win.cc(242)] ReadMemory at 0x3f290b3790 of 64 bytes failed: Only part of a ReadProcessMemory or WriteProcessMemory request was completed. (0x12B)
[0113/133047.162:ERROR:process_reader_win.cc(242)] ReadMemory at 0x3f290b3970 of 60 bytes failed: Only part of a ReadProcessMemory or WriteProcessMemory request was completed. (0x12B)
[0113/133047.162:ERROR:process_reader_win.cc(242)] ReadMemory at 0x3f290b3a10 of 62 bytes failed: Only part of a ReadProcessMemory or WriteProcessMemory request was completed. (0x12B)
[0113/133047.162:ERROR:process_reader_win.cc(242)] ReadMemory at 0x3f290b3a60 of 60 bytes failed: Only part of a ReadProcessMemory or WriteProcessMemory request was completed. (0x12B)
[0113/133047.162:ERROR:process_reader_win.cc(242)] ReadMemory at 0x3f290b3ab0 of 60 bytes failed: Only part of a ReadProcessMemory or WriteProcessMemory request was completed. (0x12B)
[0113/133047.162:ERROR:process_reader_win.cc(242)] ReadMemory at 0x3f290b3ba0 of 64 bytes failed: Only part of a ReadProcessMemory or WriteProcessMemory request was completed. (0x12B)
[0113/133047.162:ERROR:process_reader_win.cc(242)] ReadMemory at 0x3f290b3c90 of 64 bytes failed: Only part of a ReadProcessMemory or WriteProcessMemory request was completed. (0x12B)
[0113/133047.162:ERROR:process_reader_win.cc(242)] ReadMemory at 0x3f290b3dd0 of 62 bytes failed: Only part of a ReadProcessMemory or WriteProcessMemory request was completed. (0x12B)
[0113/133047.162:ERROR:process_reader_win.cc(242)] ReadMemory at 0x3f290b6820 of 248 bytes failed: Only part of a ReadProcessMemory or WriteProcessMemory request was completed. (0x12B)
[0113/133047.162:ERROR:process_reader_win.cc(242)] ReadMemory at 0x3f290b7be0 of 132 bytes failed: Only part of a ReadProcessMemory or WriteProcessMemory request was completed. (0x12B)
[0113/133047.162:ERROR:process_reader_win.cc(242)] ReadMemory at 0x3f290b7d00 of 132 bytes failed: Only part of a ReadProcessMemory or WriteProcessMemory request was completed. (0x12B)
[0113/133047.162:ERROR:process_reader_win.cc(242)] ReadMemory at 0x3f290b7e20 of 132 bytes failed: Only part of a ReadProcessMemory or WriteProcessMemory request was completed. (0x12B)
[0113/133047.162:ERROR:process_reader_win.cc(242)] ReadMemory at 0x3f290b7f40 of 132 bytes failed: Only part of a ReadProcessMemory or WriteProcessMemory request was completed. (0x12B)
[0113/133047.162:ERROR:process_reader_win.cc(242)] ReadMemory at 0x3f290b8060 of 132 bytes failed: Only part of a ReadProcessMemory or WriteProcessMemory request was completed. (0x12B)
[0113/133047.162:ERROR:process_reader_win.cc(242)] ReadMemory at 0x3f290b8180 of 132 bytes failed: Only part of a ReadProcessMemory or WriteProcessMemory request was completed. (0x12B)
[0113/133047.163:ERROR:process_reader_win.cc(242)] ReadMemory at 0x3f290b82a0 of 132 bytes failed: Only part of a ReadProcessMemory or WriteProcessMemory request was completed. (0x12B)
[0113/133047.163:ERROR:process_reader_win.cc(242)] ReadMemory at 0x3f290b83c0 of 132 bytes failed: Only part of a ReadProcessMemory or WriteProcessMemory request was completed. (0x12B)
[0113/133047.163:ERROR:process_reader_win.cc(242)] ReadMemory at 0x3f290b84e0 of 132 bytes failed: Only part of a ReadProcessMemory or WriteProcessMemory request was completed. (0x12B)
[0113/133047.163:ERROR:process_reader_win.cc(242)] ReadMemory at 0x3f290b8600 of 132 bytes failed: Only part of a ReadProcessMemory or WriteProcessMemory request was completed. (0x12B)
[0113/133047.163:ERROR:process_reader_win.cc(242)] ReadMemory at 0x3f290b8720 of 132 bytes failed: Only part of a ReadProcessMemory or WriteProcessMemory request was completed. (0x12B)
[0113/133047.163:ERROR:process_reader_win.cc(242)] ReadMemory at 0x3f290b8840 of 132 bytes failed: Only part of a ReadProcessMemory or WriteProcessMemory request was completed. (0x12B)
[0113/133047.163:ERROR:process_reader_win.cc(242)] ReadMemory at 0x3f290b8960 of 132 bytes failed: Only part of a ReadProcessMemory or WriteProcessMemory request was completed. (0x12B)
[0113/133047.163:ERROR:process_reader_win.cc(242)] ReadMemory at 0x3f290b8a80 of 132 bytes failed: Only part of a ReadProcessMemory or WriteProcessMemory request was completed. (0x12B)
[0113/133047.163:ERROR:process_reader_win.cc(242)] ReadMemory at 0x3f290b8ba0 of 132 bytes failed: Only part of a ReadProcessMemory or WriteProcessMemory request was completed. (0x12B)
[0113/133047.163:ERROR:process_reader_win.cc(242)] ReadMemory at 0x3f290b8cc0 of 132 bytes failed: Only part of a ReadProcessMemory or WriteProcessMemory request was completed. (0x12B)
[0113/133047.163:ERROR:process_reader_win.cc(242)] ReadMemory at 0x3f290b8de0 of 132 bytes failed: Only part of a ReadProcessMemory or WriteProcessMemory request was completed. (0x12B)
[0113/133047.163:ERROR:process_reader_win.cc(242)] ReadMemory at 0x3f290b8f00 of 132 bytes failed: Only part of a ReadProcessMemory or WriteProcessMemory request was completed. (0x12B)
[0113/133047.163:ERROR:process_reader_win.cc(242)] ReadMemory at 0x3f290b9020 of 132 bytes failed: Only part of a ReadProcessMemory or WriteProcessMemory request was completed. (0x12B)
[0113/133047.163:ERROR:process_reader_win.cc(242)] ReadMemory at 0x3f290b9140 of 132 bytes failed: Only part of a ReadProcessMemory or WriteProcessMemory request was completed. (0x12B)
[0113/133047.163:ERROR:process_reader_win.cc(242)] ReadMemory at 0x3f290b9380 of 132 bytes failed: Only part of a ReadProcessMemory or WriteProcessMemory request was completed. (0x12B)
[0113/133047.163:ERROR:process_reader_win.cc(242)] ReadMemory at 0x3f290b94a0 of 132 bytes failed: Only part of a ReadProcessMemory or WriteProcessMemory request was completed. (0x12B)
[0113/133047.163:ERROR:process_reader_win.cc(242)] ReadMemory at 0x3f290bfad0 of 512 bytes failed: Only part of a ReadProcessMemory or WriteProcessMemory request was completed. (0x12B)
[0113/133047.163:ERROR:process_reader_win.cc(242)] ReadMemory at 0x3f290c3c10 of 512 bytes failed: Only part of a ReadProcessMemory or WriteProcessMemory request was completed. (0x12B)
[0113/133047.163:ERROR:process_reader_win.cc(242)] ReadMemory at 0x3f290c3f50 of 512 bytes failed: Only part of a ReadProcessMemory or WriteProcessMemory request was completed. (0x12B)
[0113/133047.163:ERROR:process_reader_win.cc(242)] ReadMemory at 0x3f2964b2e0 of 512 bytes failed: Only part of a ReadProcessMemory or WriteProcessMemory request was completed. (0x12B)
[0113/133047.163:ERROR:process_reader_win.cc(242)] ReadMemory at 0x3f296844c0 of 688 bytes failed: Only part of a ReadProcessMemory or WriteProcessMemory request was completed. (0x12B)
[0113/133047.163:ERROR:process_reader_win.cc(242)] ReadMemory at 0x3f296e1f60 of 512 bytes failed: Only part of a ReadProcessMemory or WriteProcessMemory request was completed. (0x12B)
[0113/133047.163:ERROR:process_reader_win.cc(242)] ReadMemory at 0x3f297224a0 of 512 bytes failed: Only part of a ReadProcessMemory or WriteProcessMemory request was completed. (0x12B)
[0113/133047.163:ERROR:process_reader_win.cc(242)] ReadMemory at 0x3f29725a48 of 512 bytes failed: Only part of a ReadProcessMemory or WriteProcessMemory request was completed. (0x12B)
[0113/133047.163:ERROR:process_reader_win.cc(242)] ReadMemory at 0x3f2c3f1e28 of 512 bytes failed: Only part of a ReadProcessMemory or WriteProcessMemory request was completed. (0x12B)
[0113/133047.163:ERROR:process_reader_win.cc(242)] ReadMemory at 0x3f2c429b18 of 512 bytes failed: Only part of a ReadProcessMemory or WriteProcessMemory request was completed. (0x12B)
[0113/133047.163:ERROR:process_reader_win.cc(242)] ReadMemory at 0x3f2cdf10b0 of 512 bytes failed: Only part of a ReadProcessMemory or WriteProcessMemory request was completed. (0x12B)
[0113/133047.163:ERROR:process_reader_win.cc(242)] ReadMemory at 0x3f2dbd8cd8 of 512 bytes failed: Only part of a ReadProcessMemory or WriteProcessMemory request was completed. (0x12B)
[0113/133047.163:ERROR:process_reader_win.cc(242)] ReadMemory at 0x3f2f31a3a0 of 512 bytes failed: Only part of a ReadProcessMemory or WriteProcessMemory request was completed. (0x12B)
[0113/133047.163:ERROR:process_reader_win.cc(242)] ReadMemory at 0x3f31bd5e60 of 512 bytes failed: Only part of a ReadProcessMemory or WriteProcessMemory request was completed. (0x12B)
[0113/133047.163:ERROR:process_reader_win.cc(242)] ReadMemory at 0x3f342572d0 of 512 bytes failed: Only part of a ReadProcessMemory or WriteProcessMemory request was completed. (0x12B)
[0113/133047.163:ERROR:process_reader_win.cc(242)] ReadMemory at 0x3f34311940 of 512 bytes failed: Only part of a ReadProcessMemory or WriteProcessMemory request was completed. (0x12B)
[0113/133047.163:ERROR:process_reader_win.cc(242)] ReadMemory at 0x3f34662000 of 400 bytes failed: Only part of a ReadProcessMemory or WriteProcessMemory request was completed. (0x12B)
[0113/133047.163:ERROR:process_reader_win.cc(242)] ReadMemory at 0x3f346e6000 of 400 bytes failed: Only part of a ReadProcessMemory or WriteProcessMemory request was completed. (0x12B)
[0113/133047.164:ERROR:process_reader_win.cc(242)] ReadMemory at 0x382369b03619 of 512 bytes failed: Only part of a ReadProcessMemory or WriteProcessMemory request was completed. (0x12B)
[0113/133047.164:ERROR:process_reader_win.cc(242)] ReadMemory at 0x6f88de300000 of 384 bytes failed: Only part of a ReadProcessMemory or WriteProcessMemory request was completed. (0x12B)
[0113/133047.164:ERROR:process_reader_win.cc(242)] ReadMemory at 0x6f88de370c70 of 512 bytes failed: Only part of a ReadProcessMemory or WriteProcessMemory request was completed. (0x12B)
[0113/133047.164:ERROR:process_reader_win.cc(242)] ReadMemory at 0x7ff7191f8000 of 6024 bytes failed: Only part of a ReadProcessMemory or WriteProcessMemory request was completed. (0x12B)
[0113/133047.164:ERROR:process_reader_win.cc(242)] ReadMemory at 0x7ff7191fa000 of 6024 bytes failed: Only part of a ReadProcessMemory or WriteProcessMemory request was completed. (0x12B)
[0113/133047.164:ERROR:process_reader_win.cc(242)] ReadMemory at 0x7ff7191fc000 of 6024 bytes failed: Only part of a ReadProcessMemory or WriteProcessMemory request was completed. (0x12B)
[0113/133047.164:ERROR:process_reader_win.cc(242)] ReadMemory at 0x7ff7191fe000 of 6024 bytes failed: Only part of a ReadProcessMemory or WriteProcessMemory request was completed. (0x12B)
[0113/133047.164:ERROR:process_reader_win.cc(242)] ReadMemory at 0x7ff719200000 of 6024 bytes failed: Only part of a ReadProcessMemory or WriteProcessMemory request was completed. (0x12B)
[0113/133047.164:ERROR:process_reader_win.cc(242)] ReadMemory at 0x7ff719202000 of 6024 bytes failed: Only part of a ReadProcessMemory or WriteProcessMemory request was completed. (0x12B)
[0113/133047.164:ERROR:process_reader_win.cc(242)] ReadMemory at 0x7ff719204000 of 6024 bytes failed: Only part of a ReadProcessMemory or WriteProcessMemory request was completed. (0x12B)
[0113/133047.164:ERROR:process_reader_win.cc(242)] ReadMemory at 0x7ff719206000 of 6024 bytes failed: Only part of a ReadProcessMemory or WriteProcessMemory request was completed. (0x12B)
[0113/133047.164:ERROR:process_reader_win.cc(242)] ReadMemory at 0x7ff719208000 of 6024 bytes failed: Only part of a ReadProcessMemory or WriteProcessMemory request was completed. (0x12B)
[0113/133047.164:ERROR:process_reader_win.cc(242)] ReadMemory at 0x7ff71920a000 of 6024 bytes failed: Only part of a ReadProcessMemory or WriteProcessMemory request was completed. (0x12B)
[0113/133047.164:ERROR:process_reader_win.cc(242)] ReadMemory at 0x7ff71920c000 of 6024 bytes failed: Only part of a ReadProcessMemory or WriteProcessMemory request was completed. (0x12B)
[0113/133047.164:ERROR:process_reader_win.cc(242)] ReadMemory at 0x7ff71920e000 of 6024 bytes failed: Only part of a ReadProcessMemory or WriteProcessMemory request was completed. (0x12B)
[0113/133047.164:ERROR:process_reader_win.cc(242)] ReadMemory at 0x7ff719334000 of 6024 bytes failed: Only part of a ReadProcessMemory or WriteProcessMemory request was completed. (0x12B)
[0113/133047.164:ERROR:process_reader_win.cc(242)] ReadMemory at 0x7ff719336000 of 6024 bytes failed: Only part of a ReadProcessMemory or WriteProcessMemory request was completed. (0x12B)
[0113/133047.164:ERROR:process_reader_win.cc(242)] ReadMemory at 0x7ff719338000 of 6024 bytes failed: Only part of a ReadProcessMemory or WriteProcessMemory request was completed. (0x12B)
[0113/133047.164:ERROR:process_reader_win.cc(242)] ReadMemory at 0x7ff71933a000 of 6024 bytes failed: Only part of a ReadProcessMemory or WriteProcessMemory request was completed. (0x12B)
[0113/133047.165:ERROR:process_reader_win.cc(242)] ReadMemory at 0x7ff71933c000 of 6024 bytes failed: Only part of a ReadProcessMemory or WriteProcessMemory request was completed. (0x12B)
[0113/133047.165:ERROR:process_reader_win.cc(242)] ReadMemory at 0x7ff71933e000 of 852 bytes failed: Only part of a ReadProcessMemory or WriteProcessMemory request was completed. (0x12B)
[0113/133047.165:ERROR:process_reader_win.cc(242)] ReadMemory at 0x7ff849692200 of 512 bytes failed: Only part of a ReadProcessMemory or WriteProcessMemory request was completed. (0x12B)
[0113/133047.165:ERROR:process_reader_win.cc(242)] ReadMemory at 0x7ff8496efdf6 of 512 bytes failed: Only part of a ReadProcessMemory or WriteProcessMemory request was completed. (0x12B)
[0113/133047.165:ERROR:process_reader_win.cc(242)] ReadMemory at 0x7ff84a8a0873 of 512 bytes failed: Only part of a ReadProcessMemory or WriteProcessMemory request was completed. (0x12B)
[0113/133047.165:ERROR:process_reader_win.cc(242)] ReadMemory at 0x7ff84dd266f4 of 512 bytes failed: Only part of a ReadProcessMemory or WriteProcessMemory request was completed. (0x12B)
[0113/133047.165:ERROR:process_reader_win.cc(242)] ReadMemory at 0x7ff84dd67860 of 640 bytes failed: Only part of a ReadProcessMemory or WriteProcessMemory request was completed. (0x12B)
[0113/133047.165:ERROR:process_reader_win.cc(242)] ReadMemory at 0x7ff84e337398 of 520 bytes failed: Only part of a ReadProcessMemory or WriteProcessMemory request was completed. (0x12B)
[0113/133047.165:ERROR:process_reader_win.cc(242)] ReadMemory at 0x7ff86715e90c of 512 bytes failed: Only part of a ReadProcessMemory or WriteProcessMemory request was completed. (0x12B)
[0113/133047.165:ERROR:process_reader_win.cc(242)] ReadMemory at 0x7ff86715f9d3 of 512 bytes failed: Only part of a ReadProcessMemory or WriteProcessMemory request was completed. (0x12B)
[0113/133047.165:ERROR:process_reader_win.cc(242)] ReadMemory at 0x7ff89d1d0fb0 of 512 bytes failed: Only part of a ReadProcessMemory or WriteProcessMemory request was completed. (0x12B)
[0113/133047.165:ERROR:process_reader_win.cc(242)] ReadMemory at 0x7ff89d7e5750 of 512 bytes failed: Only part of a ReadProcessMemory or WriteProcessMemory request was completed. (0x12B)
[0113/133047.165:ERROR:process_reader_win.cc(242)] ReadMemory at 0x7ff89d7e95e0 of 18 bytes failed: Only part of a ReadProcessMemory or WriteProcessMemory request was completed. (0x12B)
[0113/133047.165:ERROR:process_reader_win.cc(242)] ReadMemory at 0x7ff89d7fc4f0 of 512 bytes failed: Only part of a ReadProcessMemory or WriteProcessMemory request was completed. (0x12B)
[0113/133047.165:ERROR:process_reader_win.cc(242)] ReadMemory at 0x7ff89d81acd0 of 512 bytes failed: Only part of a ReadProcessMemory or WriteProcessMemory request was completed. (0x12B)
[0113/133047.165:ERROR:process_reader_win.cc(242)] ReadMemory at 0x7ff89d81b5f0 of 512 bytes failed: Only part of a ReadProcessMemory or WriteProcessMemory request was completed. (0x12B)
[0113/133047.165:ERROR:process_reader_win.cc(242)] ReadMemory at 0x7ff89d87071a of 592 bytes failed: Only part of a ReadProcessMemory or WriteProcessMemory request was completed. (0x12B)
[0113/133047.165:ERROR:process_reader_win.cc(242)] ReadMemory at 0x7ff89d87219a of 560 bytes failed: Only part of a ReadProcessMemory or WriteProcessMemory request was completed. (0x12B)
[0113/133047.165:ERROR:process_reader_win.cc(242)] ReadMemory at 0x7ff89d90e8a8 of 40 bytes failed: Only part of a ReadProcessMemory or WriteProcessMemory request was completed. (0x12B)
[0113/133047.165:ERROR:process_reader_win.cc(242)] ReadMemory at 0x7ff89d90ebe0 of 48 bytes failed: Only part of a ReadProcessMemory or WriteProcessMemory request was completed. (0x12B)
[0113/133047.165:ERROR:process_reader_win.cc(242)] ReadMemory at 0x7ff89d911320 of 64 bytes failed: Only part of a ReadProcessMemory or WriteProcessMemory request was completed. (0x12B)
[0113/133047.242:ERROR:scoped_process_suspend.cc(40)] NtResumeProcess: An attempt was made to access an exiting process. (0xc000010a)
[0205/171056.354:ERROR:http_transport_win.cc(273)] WinHttpSendRequest: The operation completed successfully. (0x0)
[0415/054205.285:ERROR:http_transport_win.cc(276)] WinHttpSendRequest: The operation completed successfully. (0x0)
[1014/083213.612:ERROR:directory_reader_win.cc(43)] FindFirstFile: The system cannot find the path specified. (0x3)
[1209/092254.995:ERROR:directory_reader_win.cc(43)] FindFirstFile: The system cannot find the path specified. (0x3)
[1209/124856.491:ERROR:directory_reader_win.cc(43)] FindFirstFile: The system cannot find the path specified. (0x3)
[1209/215223.573:ERROR:directory_reader_win.cc(43)] FindFirstFile: The system cannot find the path specified. (0x3)
[1210/121048.641:ERROR:directory_reader_win.cc(43)] FindFirstFile: The system cannot find the path specified. (0x3)
[1211/093150.439:ERROR:directory_reader_win.cc(43)] FindFirstFile: The system cannot find the path specified. (0x3)
